<?xml version="1.0" encoding="UTF-8"?>
<!-- Generated by org.testng.reporters.JUnitXMLReporter -->
<testsuite ignored="3" hostname="AXEL-HP" failures="0" tests="4" name="A" time="8.249" errors="0" timestamp="2020-12-28T11:36:42 ART">
  <testcase classname="testNG.ParametrizacionByITestContext" name="busquedasuarioContraseniaA" time="1.359"/>
  <testcase classname="testNG.ParametrizacionByITestContext" name="busquedasuarioContraseniaA" time="1.194"/>
  <testcase classname="testNG.ParametrizacionByITestContext" name="busquedasuarioContraseniaA" time="1.217"/>
  <testcase classname="testNG.ParametrizacionByITestContext" name="busquedasuarioContraseniaA" time="1.2"/>
  <testcase classname="testNG.ParametrizacionByITestContext" name="busquedasuarioContraseniaB" time="0.0">
    <ignored/>
  </testcase> <!-- busquedasuarioContraseniaB -->
  <testcase classname="testNG.ParametrizacionByITestContext" name="busquedaB" time="0.0">
    <ignored/>
  </testcase> <!-- busquedaB -->
  <testcase classname="testNG.ParametrizacionByITestContext" name="busquedaA" time="0.0">
    <ignored/>
  </testcase> <!-- busquedaA -->
</testsuite> <!-- A -->
