<?xml version="1.0" encoding="UTF-8"?>
<!-- Generated by org.testng.reporters.JUnitXMLReporter -->
<testsuite ignored="3" hostname="AXEL-HP" failures="0" tests="4" name="B" time="9.326" errors="0" timestamp="2020-12-28T18:34:21 ART">
  <testcase classname="testNG.ParametrizacionByITestContext" name="busquedasuarioContraseniaB" time="1.763"/>
  <testcase classname="testNG.ParametrizacionByITestContext" name="busquedasuarioContraseniaB" time="1.431"/>
  <testcase classname="testNG.ParametrizacionByITestContext" name="busquedasuarioContraseniaB" time="1.376"/>
  <testcase classname="testNG.ParametrizacionByITestContext" name="busquedasuarioContraseniaB" time="1.188"/>
  <testcase classname="testNG.ParametrizacionByITestContext" name="busquedasuarioContraseniaA" time="0.0">
    <ignored/>
  </testcase> <!-- busquedasuarioContraseniaA -->
  <testcase classname="testNG.ParametrizacionByITestContext" name="busquedaB" time="0.0">
    <ignored/>
  </testcase> <!-- busquedaB -->
  <testcase classname="testNG.ParametrizacionByITestContext" name="busquedaA" time="0.0">
    <ignored/>
  </testcase> <!-- busquedaA -->
</testsuite> <!-- B -->
