<?xml version="1.0" encoding="UTF-8"?>
<!-- Generated by org.testng.reporters.JUnitXMLReporter -->
<testsuite ignored="0" hostname="AXEL-HP" failures="0" tests="6" name="Test A" time="0.137" errors="0" timestamp="2020-12-23T20:17:56 ART">
  <testcase classname="testNG.Grupo1" name="metodo_a" time="0.015"/>
  <testcase classname="testNG.Grupo1" name="metodo_b" time="0.004"/>
  <testcase classname="testNG.Grupo1" name="metodo_c" time="0.002"/>
  <testcase classname="testNG.Grupo2" name="metodo_a" time="0.002"/>
  <testcase classname="testNG.Grupo2" name="metodo_b" time="0.002"/>
  <testcase classname="testNG.Grupo2" name="metodo_c" time="0.003"/>
</testsuite> <!-- Test A -->
