<?xml version="1.0" encoding="UTF-8"?>
<!-- Generated by org.testng.reporters.JUnitXMLReporter -->
<testsuite ignored="3" hostname="AXEL-HP" failures="0" tests="0" time="0.021" errors="0" timestamp="2020-12-28T11:05:48 ART">
  <testcase classname="testNG.Parametrizacion" name="busquedaDesdeClase" time="0.0">
    <ignored/>
  </testcase> <!-- busquedaDesdeClase -->
  <testcase classname="testNG.Parametrizacion" name="busquedaDesdeClaseConMetodo" time="0.0">
    <ignored/>
  </testcase> <!-- busquedaDesdeClaseConMetodo -->
  <testcase classname="testNG.Parametrizacion" name="busqueda" time="0.0">
    <ignored/>
  </testcase> <!-- busqueda -->
</testsuite>
