<?xml version="1.0" encoding="UTF-8"?>
<!-- Generated by org.testng.reporters.JUnitXMLReporter -->
<testsuite ignored="4" hostname="AXEL-HP" failures="0" tests="2" name="Test B" time="0.019" errors="0" timestamp="2020-12-23T20:17:56 ART">
  <testcase classname="testNG.Grupo2" name="metodo_a" time="0.003"/>
  <testcase classname="testNG.Grupo1" name="metodo_a" time="0.005"/>
  <testcase classname="testNG.Grupo1" name="metodo_c" time="0.0">
    <ignored/>
  </testcase> <!-- metodo_c -->
  <testcase classname="testNG.Grupo1" name="metodo_b" time="0.0">
    <ignored/>
  </testcase> <!-- metodo_b -->
  <testcase classname="testNG.Grupo2" name="metodo_b" time="0.0">
    <ignored/>
  </testcase> <!-- metodo_b -->
  <testcase classname="testNG.Grupo2" name="metodo_c" time="0.0">
    <ignored/>
  </testcase> <!-- metodo_c -->
</testsuite> <!-- Test B -->
