<?xml version="1.0" encoding="UTF-8"?>
<!-- Generated by org.testng.reporters.JUnitXMLReporter -->
<testsuite ignored="0" hostname="AXEL-HP" failures="0" tests="3" name="Default test" time="12.785" errors="0" timestamp="2020-12-19T20:53:37 ART">
  <testcase classname="testNG.OtraPrueba" name="verificarTituloLandingPage" time="0.023"/>
  <testcase classname="testNG.OtraPrueba" name="register" time="0.986"/>
  <testcase classname="testNG.OtraPrueba" name="support" time="0.81"/>
</testsuite> <!-- Default test -->
