<?xml version="1.0" encoding="UTF-8"?>
<!-- Generated by org.testng.reporters.JUnitXMLReporter -->
<testsuite ignored="1" hostname="AXEL-HP" failures="0" tests="8" name="Default test" time="14.159" errors="0" timestamp="2020-12-21T21:51:17 ART">
  <testcase classname="testNG.Parametrizacion" name="busquedaDesdeClase" time="1.439"/>
  <testcase classname="testNG.Parametrizacion" name="busquedaDesdeClase" time="1.287"/>
  <testcase classname="testNG.Parametrizacion" name="busquedaDesdeClase" time="1.328"/>
  <testcase classname="testNG.Parametrizacion" name="busquedaDesdeClase" time="1.227"/>
  <testcase classname="testNG.Parametrizacion" name="busquedaDesdeClaseConMetodo" time="1.249"/>
  <testcase classname="testNG.Parametrizacion" name="busquedaDesdeClaseConMetodo" time="1.218"/>
  <testcase classname="testNG.Parametrizacion" name="busquedaDesdeClaseConMetodo" time="1.177"/>
  <testcase classname="testNG.Parametrizacion" name="busquedaDesdeClaseConMetodo" time="1.187"/>
  <testcase classname="testNG.Parametrizacion" name="busqueda" time="0.0">
    <ignored/>
  </testcase> <!-- busqueda -->
</testsuite> <!-- Default test -->
