<?xml version="1.0" encoding="UTF-8"?>
<!-- Generated by org.testng.reporters.JUnitXMLReporter -->
<testsuite ignored="2" hostname="AXEL-HP" failures="0" tests="1" name="Car Loan" time="0.012" errors="0" timestamp="2020-12-22T18:04:29 ART">
  <testcase classname="gruposTestNG.Car_loan" name="MobileLoginCarLoan" time="0.003"/>
  <testcase classname="gruposTestNG.Car_loan" name="WebLoginCarLoan" time="0.0">
    <ignored/>
  </testcase> <!-- WebLoginCarLoan -->
  <testcase classname="gruposTestNG.Car_loan" name="APILoginCarLoan" time="0.0">
    <ignored/>
  </testcase> <!-- APILoginCarLoan -->
</testsuite> <!-- Car Loan -->
