<?xml version="1.0" encoding="UTF-8"?>
<!-- Generated by org.testng.reporters.JUnitXMLReporter -->
<testsuite ignored="1" hostname="AXEL-HP" failures="0" tests="2" name="Home Loan" time="0.023" errors="0" timestamp="2020-12-22T18:04:29 ART">
  <testcase classname="gruposTestNG.Home_loan" name="APILoginHomeLoan" time="0.003"/>
  <testcase classname="gruposTestNG.Home_loan" name="MobileLoginHomeLoan" time="0.002"/>
  <testcase classname="gruposTestNG.Home_loan" name="WebLoginHomeLoan" time="0.0">
    <ignored/>
  </testcase> <!-- WebLoginHomeLoan -->
</testsuite> <!-- Home Loan -->
