<?xml version="1.0" encoding="UTF-8"?>
<!-- Generated by org.testng.reporters.JUnitXMLReporter -->
<testsuite ignored="2" hostname="AXEL-HP" failures="0" tests="1" name="Personal Loan" time="0.099" errors="0" timestamp="2020-12-22T18:04:29 ART">
  <testcase classname="gruposTestNG.Personal_loan" name="WebLoginPersonalLoan" time="0.013"/>
  <testcase classname="gruposTestNG.Personal_loan" name="MobileLoginPersonalLoan" time="0.0">
    <ignored/>
  </testcase> <!-- MobileLoginPersonalLoan -->
  <testcase classname="gruposTestNG.Personal_loan" name="APILoginPersonalLoan" time="0.0">
    <ignored/>
  </testcase> <!-- APILoginPersonalLoan -->
</testsuite> <!-- Personal Loan -->
